Arguments: 
  C:\Program Files\nodejs\node.exe C:\Users\Daniel\AppData\Roaming\npm\node_modules\yarn\bin\yarn.js add @types add -D @types/styled-components-react-native

PATH: 
  C:\Users\Daniel\bin;C:\Program Files\Git\mingw64\bin;C:\Program Files\Git\usr\local\bin;C:\Program Files\Git\usr\bin;C:\Program Files\Git\usr\bin;C:\Program Files\Git\mingw64\bin;C:\Program Files\Git\usr\bin;C:\Users\Daniel\bin;C:\Python310\Scripts;C:\Python310;C:\Windows\system32;C:\Windows;C:\Windows\System32\Wbem;C:\Windows\System32\WindowsPowerShell\v1.0;C:\Windows\System32\OpenSSH;C:\Program Files\Microsoft VS Code\bin;C:\Program Files\dotnet;C:\ProgramData\chocolatey\bin;C:\Program Files\nodejs;C:\Program Files\OpenJDK\openjdk-11.0.16_8\bin;C:\Program Files\Git\cmd;C:\Users\Daniel\AppData\Local\Microsoft\WindowsApps;C:\Users\Daniel\AppData\Local\GitHubDesktop\bin;C:\Users\Daniel\AppData\Roaming\npm;C:\Users\Daniel\AppData\Local\Android\Sdk\platform-tools;C:\tools\dart-sdk\bin;C:\Users\Daniel\AppData\Roaming\Pub\Cache\bin;C:\Users\Daniel\Documents\flutter_windows_3.0.5-stable\flutter\bin;C:\Program Files\Git\usr\bin\vendor_perl;C:\Program Files\Git\usr\bin\core_perl

Yarn version: 
  1.22.19

Node version: 
  16.16.0

Platform: 
  win32 x64

Trace: 
  Error: https://registry.yarnpkg.com/@types: Request "https://registry.yarnpkg.com/@types" returned a 405
      at Request.params.callback [as _callback] (C:\Users\Daniel\AppData\Roaming\npm\node_modules\yarn\lib\cli.js:66154:18)
      at Request.self.callback (C:\Users\Daniel\AppData\Roaming\npm\node_modules\yarn\lib\cli.js:140890:22)
      at Request.emit (node:events:527:28)
      at Request.<anonymous> (C:\Users\Daniel\AppData\Roaming\npm\node_modules\yarn\lib\cli.js:141862:10)
      at Request.emit (node:events:527:28)
      at IncomingMessage.<anonymous> (C:\Users\Daniel\AppData\Roaming\npm\node_modules\yarn\lib\cli.js:141784:12)
      at Object.onceWrapper (node:events:641:28)
      at IncomingMessage.emit (node:events:539:35)
      at endReadableNT (node:internal/streams/readable:1345:12)
      at processTicksAndRejections (node:internal/process/task_queues:83:21)

npm manifest: 
  {
    "name": "pokedex",
    "version": "1.0.0",
    "main": "node_modules/expo/AppEntry.js",
    "scripts": {
      "start": "expo start",
      "android": "expo start --android",
      "ios": "expo start --ios",
      "web": "expo start --web"
    },
    "dependencies": {
      "expo": "~46.0.9",
      "expo-status-bar": "~1.4.0",
      "react": "18.0.0",
      "react-native": "0.69.5",
      "typescript": "^4.6.3",
      "@types/react": "~18.0.0",
      "@types/react-native": "~0.69.1"
    },
    "devDependencies": {
      "@babel/core": "^7.12.9"
    },
    "private": true
  }

yarn manifest: 
  No manifest

Lockfile: 
  No lockfile
